Determining if the pthread_create exist failed with the following output:
Change Dir: /home/shehzad/catkin_ws/bosch_drivers/bosch_drivers_common/build/CMakeFiles/CMakeTmp

Run Build Command:/usr/bin/make "cmTryCompileExec70592834/fast"
make[1]: Entering directory `/home/shehzad/catkin_ws/bosch_drivers/bosch_drivers_common/build/CMakeFiles/CMakeTmp'
/usr/bin/make -f CMakeFiles/cmTryCompileExec70592834.dir/build.make CMakeFiles/cmTryCompileExec70592834.dir/build
make[2]: Entering directory `/home/shehzad/catkin_ws/bosch_drivers/bosch_drivers_common/build/CMakeFiles/CMakeTmp'
/usr/bin/cmake -E cmake_progress_report /home/shehzad/catkin_ws/bosch_drivers/bosch_drivers_common/build/CMakeFiles/CMakeTmp/CMakeFiles 1
Building C object CMakeFiles/cmTryCompileExec70592834.dir/CheckSymbolExists.c.o
/usr/bin/gcc    -o CMakeFiles/cmTryCompileExec70592834.dir/CheckSymbolExists.c.o   -c /home/shehzad/catkin_ws/bosch_drivers/bosch_drivers_common/build/CMakeFiles/CMakeTmp/CheckSymbolExists.c
Linking C executable cmTryCompileExec70592834
/usr/bin/cmake -E cmake_link_script CMakeFiles/cmTryCompileExec70592834.dir/link.txt --verbose=1
/usr/bin/gcc         CMakeFiles/cmTryCompileExec70592834.dir/CheckSymbolExists.c.o  -o cmTryCompileExec70592834 -rdynamic 
CMakeFiles/cmTryCompileExec70592834.dir/CheckSymbolExists.c.o: In function `main':
CheckSymbolExists.c:(.text+0xa): undefined reference to `pthread_create'
collect2: error: ld returned 1 exit status
make[2]: *** [cmTryCompileExec70592834] Error 1
make[2]: Leaving directory `/home/shehzad/catkin_ws/bosch_drivers/bosch_drivers_common/build/CMakeFiles/CMakeTmp'
make[1]: *** [cmTryCompileExec70592834/fast] Error 2
make[1]: Leaving directory `/home/shehzad/catkin_ws/bosch_drivers/bosch_drivers_common/build/CMakeFiles/CMakeTmp'

File /home/shehzad/catkin_ws/bosch_drivers/bosch_drivers_common/build/CMakeFiles/CMakeTmp/CheckSymbolExists.c:
/* */
#include <pthread.h>

int main(int argc, char** argv)
{
  (void)argv;
#ifndef pthread_create
  return ((int*)(&pthread_create))[argc];
#else
  (void)argc;
  return 0;
#endif
}

Determining if the function pthread_create exists in the pthreads failed with the following output:
Change Dir: /home/shehzad/catkin_ws/bosch_drivers/bosch_drivers_common/build/CMakeFiles/CMakeTmp

Run Build Command:/usr/bin/make "cmTryCompileExec1806000099/fast"
make[1]: Entering directory `/home/shehzad/catkin_ws/bosch_drivers/bosch_drivers_common/build/CMakeFiles/CMakeTmp'
/usr/bin/make -f CMakeFiles/cmTryCompileExec1806000099.dir/build.make CMakeFiles/cmTryCompileExec1806000099.dir/build
make[2]: Entering directory `/home/shehzad/catkin_ws/bosch_drivers/bosch_drivers_common/build/CMakeFiles/CMakeTmp'
/usr/bin/cmake -E cmake_progress_report /home/shehzad/catkin_ws/bosch_drivers/bosch_drivers_common/build/CMakeFiles/CMakeTmp/CMakeFiles 1
Building C object CMakeFiles/cmTryCompileExec1806000099.dir/CheckFunctionExists.c.o
/usr/bin/gcc   -DCHECK_FUNCTION_EXISTS=pthread_create   -o CMakeFiles/cmTryCompileExec1806000099.dir/CheckFunctionExists.c.o   -c /usr/share/cmake-2.8/Modules/CheckFunctionExists.c
Linking C executable cmTryCompileExec1806000099
/usr/bin/cmake -E cmake_link_script CMakeFiles/cmTryCompileExec1806000099.dir/link.txt --verbose=1
/usr/bin/gcc     -DCHECK_FUNCTION_EXISTS=pthread_create    CMakeFiles/cmTryCompileExec1806000099.dir/CheckFunctionExists.c.o  -o cmTryCompileExec1806000099 -rdynamic -lpthreads 
/usr/bin/ld: cannot find -lpthreads
collect2: error: ld returned 1 exit status
make[2]: *** [cmTryCompileExec1806000099] Error 1
make[2]: Leaving directory `/home/shehzad/catkin_ws/bosch_drivers/bosch_drivers_common/build/CMakeFiles/CMakeTmp'
make[1]: *** [cmTryCompileExec1806000099/fast] Error 2
make[1]: Leaving directory `/home/shehzad/catkin_ws/bosch_drivers/bosch_drivers_common/build/CMakeFiles/CMakeTmp'


