Determining if the pthread_create exist failed with the following output:
Change Dir: /home/shehzad/catkin_ws/bosch_drivers/usb_cam/build/CMakeFiles/CMakeTmp

Run Build Command:/usr/bin/make "cmTryCompileExec2523267160/fast"
make[1]: Entering directory `/home/shehzad/catkin_ws/bosch_drivers/usb_cam/build/CMakeFiles/CMakeTmp'
/usr/bin/make -f CMakeFiles/cmTryCompileExec2523267160.dir/build.make CMakeFiles/cmTryCompileExec2523267160.dir/build
make[2]: Entering directory `/home/shehzad/catkin_ws/bosch_drivers/usb_cam/build/CMakeFiles/CMakeTmp'
/usr/bin/cmake -E cmake_progress_report /home/shehzad/catkin_ws/bosch_drivers/usb_cam/build/CMakeFiles/CMakeTmp/CMakeFiles 1
Building C object CMakeFiles/cmTryCompileExec2523267160.dir/CheckSymbolExists.c.o
/usr/bin/gcc    -o CMakeFiles/cmTryCompileExec2523267160.dir/CheckSymbolExists.c.o   -c /home/shehzad/catkin_ws/bosch_drivers/usb_cam/build/CMakeFiles/CMakeTmp/CheckSymbolExists.c
Linking C executable cmTryCompileExec2523267160
/usr/bin/cmake -E cmake_link_script CMakeFiles/cmTryCompileExec2523267160.dir/link.txt --verbose=1
/usr/bin/gcc         CMakeFiles/cmTryCompileExec2523267160.dir/CheckSymbolExists.c.o  -o cmTryCompileExec2523267160 -rdynamic 
CMakeFiles/cmTryCompileExec2523267160.dir/CheckSymbolExists.c.o: In function `main':
CheckSymbolExists.c:(.text+0xa): undefined reference to `pthread_create'
collect2: error: ld returned 1 exit status
make[2]: *** [cmTryCompileExec2523267160] Error 1
make[2]: Leaving directory `/home/shehzad/catkin_ws/bosch_drivers/usb_cam/build/CMakeFiles/CMakeTmp'
make[1]: Leaving directory `/home/shehzad/catkin_ws/bosch_drivers/usb_cam/build/CMakeFiles/CMakeTmp'
make[1]: *** [cmTryCompileExec2523267160/fast] Error 2

File /home/shehzad/catkin_ws/bosch_drivers/usb_cam/build/CMakeFiles/CMakeTmp/CheckSymbolExists.c:
/* */
#include <pthread.h>

int main(int argc, char** argv)
{
  (void)argv;
#ifndef pthread_create
  return ((int*)(&pthread_create))[argc];
#else
  (void)argc;
  return 0;
#endif
}

Determining if the function pthread_create exists in the pthreads failed with the following output:
Change Dir: /home/shehzad/catkin_ws/bosch_drivers/usb_cam/build/CMakeFiles/CMakeTmp

Run Build Command:/usr/bin/make "cmTryCompileExec3193528098/fast"
make[1]: Entering directory `/home/shehzad/catkin_ws/bosch_drivers/usb_cam/build/CMakeFiles/CMakeTmp'
/usr/bin/make -f CMakeFiles/cmTryCompileExec3193528098.dir/build.make CMakeFiles/cmTryCompileExec3193528098.dir/build
make[2]: Entering directory `/home/shehzad/catkin_ws/bosch_drivers/usb_cam/build/CMakeFiles/CMakeTmp'
/usr/bin/cmake -E cmake_progress_report /home/shehzad/catkin_ws/bosch_drivers/usb_cam/build/CMakeFiles/CMakeTmp/CMakeFiles 1
Building C object CMakeFiles/cmTryCompileExec3193528098.dir/CheckFunctionExists.c.o
/usr/bin/gcc   -DCHECK_FUNCTION_EXISTS=pthread_create   -o CMakeFiles/cmTryCompileExec3193528098.dir/CheckFunctionExists.c.o   -c /usr/share/cmake-2.8/Modules/CheckFunctionExists.c
Linking C executable cmTryCompileExec3193528098
/usr/bin/cmake -E cmake_link_script CMakeFiles/cmTryCompileExec3193528098.dir/link.txt --verbose=1
/usr/bin/gcc     -DCHECK_FUNCTION_EXISTS=pthread_create    CMakeFiles/cmTryCompileExec3193528098.dir/CheckFunctionExists.c.o  -o cmTryCompileExec3193528098 -rdynamic -lpthreads 
/usr/bin/ld: cannot find -lpthreads
collect2: error: ld returned 1 exit status
make[2]: *** [cmTryCompileExec3193528098] Error 1
make[2]: Leaving directory `/home/shehzad/catkin_ws/bosch_drivers/usb_cam/build/CMakeFiles/CMakeTmp'
make[1]: *** [cmTryCompileExec3193528098/fast] Error 2
make[1]: Leaving directory `/home/shehzad/catkin_ws/bosch_drivers/usb_cam/build/CMakeFiles/CMakeTmp'


