Determining if the pthread_create exist failed with the following output:
Change Dir: /home/shehzad/catkin_ws/bosch_drivers/sub20/build/CMakeFiles/CMakeTmp

Run Build Command:/usr/bin/make "cmTryCompileExec2804688556/fast"
make[1]: Entering directory `/home/shehzad/catkin_ws/bosch_drivers/sub20/build/CMakeFiles/CMakeTmp'
/usr/bin/make -f CMakeFiles/cmTryCompileExec2804688556.dir/build.make CMakeFiles/cmTryCompileExec2804688556.dir/build
make[2]: Entering directory `/home/shehzad/catkin_ws/bosch_drivers/sub20/build/CMakeFiles/CMakeTmp'
/usr/bin/cmake -E cmake_progress_report /home/shehzad/catkin_ws/bosch_drivers/sub20/build/CMakeFiles/CMakeTmp/CMakeFiles 1
Building C object CMakeFiles/cmTryCompileExec2804688556.dir/CheckSymbolExists.c.o
/usr/bin/gcc    -o CMakeFiles/cmTryCompileExec2804688556.dir/CheckSymbolExists.c.o   -c /home/shehzad/catkin_ws/bosch_drivers/sub20/build/CMakeFiles/CMakeTmp/CheckSymbolExists.c
Linking C executable cmTryCompileExec2804688556
/usr/bin/cmake -E cmake_link_script CMakeFiles/cmTryCompileExec2804688556.dir/link.txt --verbose=1
/usr/bin/gcc         CMakeFiles/cmTryCompileExec2804688556.dir/CheckSymbolExists.c.o  -o cmTryCompileExec2804688556 -rdynamic 
CMakeFiles/cmTryCompileExec2804688556.dir/CheckSymbolExists.c.o: In function `main':
CheckSymbolExists.c:(.text+0xa): undefined reference to `pthread_create'
collect2: error: ld returned 1 exit status
make[2]: *** [cmTryCompileExec2804688556] Error 1
make[2]: Leaving directory `/home/shehzad/catkin_ws/bosch_drivers/sub20/build/CMakeFiles/CMakeTmp'
make[1]: *** [cmTryCompileExec2804688556/fast] Error 2
make[1]: Leaving directory `/home/shehzad/catkin_ws/bosch_drivers/sub20/build/CMakeFiles/CMakeTmp'

File /home/shehzad/catkin_ws/bosch_drivers/sub20/build/CMakeFiles/CMakeTmp/CheckSymbolExists.c:
/* */
#include <pthread.h>

int main(int argc, char** argv)
{
  (void)argv;
#ifndef pthread_create
  return ((int*)(&pthread_create))[argc];
#else
  (void)argc;
  return 0;
#endif
}

Determining if the function pthread_create exists in the pthreads failed with the following output:
Change Dir: /home/shehzad/catkin_ws/bosch_drivers/sub20/build/CMakeFiles/CMakeTmp

Run Build Command:/usr/bin/make "cmTryCompileExec1829479033/fast"
make[1]: Entering directory `/home/shehzad/catkin_ws/bosch_drivers/sub20/build/CMakeFiles/CMakeTmp'
/usr/bin/make -f CMakeFiles/cmTryCompileExec1829479033.dir/build.make CMakeFiles/cmTryCompileExec1829479033.dir/build
make[2]: Entering directory `/home/shehzad/catkin_ws/bosch_drivers/sub20/build/CMakeFiles/CMakeTmp'
/usr/bin/cmake -E cmake_progress_report /home/shehzad/catkin_ws/bosch_drivers/sub20/build/CMakeFiles/CMakeTmp/CMakeFiles 1
Building C object CMakeFiles/cmTryCompileExec1829479033.dir/CheckFunctionExists.c.o
/usr/bin/gcc   -DCHECK_FUNCTION_EXISTS=pthread_create   -o CMakeFiles/cmTryCompileExec1829479033.dir/CheckFunctionExists.c.o   -c /usr/share/cmake-2.8/Modules/CheckFunctionExists.c
Linking C executable cmTryCompileExec1829479033
/usr/bin/cmake -E cmake_link_script CMakeFiles/cmTryCompileExec1829479033.dir/link.txt --verbose=1
/usr/bin/gcc     -DCHECK_FUNCTION_EXISTS=pthread_create    CMakeFiles/cmTryCompileExec1829479033.dir/CheckFunctionExists.c.o  -o cmTryCompileExec1829479033 -rdynamic -lpthreads 
/usr/bin/ld: cannot find -lpthreads
collect2: error: ld returned 1 exit status
make[2]: Leaving directory `/home/shehzad/catkin_ws/bosch_drivers/sub20/build/CMakeFiles/CMakeTmp'
make[2]: *** [cmTryCompileExec1829479033] Error 1
make[1]: Leaving directory `/home/shehzad/catkin_ws/bosch_drivers/sub20/build/CMakeFiles/CMakeTmp'
make[1]: *** [cmTryCompileExec1829479033/fast] Error 2


