Determining if the pthread_create exist failed with the following output:
Change Dir: /home/shehzad/catkin_ws/bosch_drivers/bmc050_driver/build/CMakeFiles/CMakeTmp

Run Build Command:/usr/bin/make "cmTryCompileExec2912522723/fast"
make[1]: Entering directory `/home/shehzad/catkin_ws/bosch_drivers/bmc050_driver/build/CMakeFiles/CMakeTmp'
/usr/bin/make -f CMakeFiles/cmTryCompileExec2912522723.dir/build.make CMakeFiles/cmTryCompileExec2912522723.dir/build
make[2]: Entering directory `/home/shehzad/catkin_ws/bosch_drivers/bmc050_driver/build/CMakeFiles/CMakeTmp'
/usr/bin/cmake -E cmake_progress_report /home/shehzad/catkin_ws/bosch_drivers/bmc050_driver/build/CMakeFiles/CMakeTmp/CMakeFiles 1
Building C object CMakeFiles/cmTryCompileExec2912522723.dir/CheckSymbolExists.c.o
/usr/bin/gcc    -o CMakeFiles/cmTryCompileExec2912522723.dir/CheckSymbolExists.c.o   -c /home/shehzad/catkin_ws/bosch_drivers/bmc050_driver/build/CMakeFiles/CMakeTmp/CheckSymbolExists.c
Linking C executable cmTryCompileExec2912522723
/usr/bin/cmake -E cmake_link_script CMakeFiles/cmTryCompileExec2912522723.dir/link.txt --verbose=1
/usr/bin/gcc         CMakeFiles/cmTryCompileExec2912522723.dir/CheckSymbolExists.c.o  -o cmTryCompileExec2912522723 -rdynamic 
CMakeFiles/cmTryCompileExec2912522723.dir/CheckSymbolExists.c.o: In function `main':
CheckSymbolExists.c:(.text+0xa): undefined reference to `pthread_create'
collect2: error: ld returned 1 exit status
make[2]: Leaving directory `/home/shehzad/catkin_ws/bosch_drivers/bmc050_driver/build/CMakeFiles/CMakeTmp'
make[1]: Leaving directory `/home/shehzad/catkin_ws/bosch_drivers/bmc050_driver/build/CMakeFiles/CMakeTmp'
make[2]: *** [cmTryCompileExec2912522723] Error 1
make[1]: *** [cmTryCompileExec2912522723/fast] Error 2

File /home/shehzad/catkin_ws/bosch_drivers/bmc050_driver/build/CMakeFiles/CMakeTmp/CheckSymbolExists.c:
/* */
#include <pthread.h>

int main(int argc, char** argv)
{
  (void)argv;
#ifndef pthread_create
  return ((int*)(&pthread_create))[argc];
#else
  (void)argc;
  return 0;
#endif
}

Determining if the function pthread_create exists in the pthreads failed with the following output:
Change Dir: /home/shehzad/catkin_ws/bosch_drivers/bmc050_driver/build/CMakeFiles/CMakeTmp

Run Build Command:/usr/bin/make "cmTryCompileExec746842763/fast"
make[1]: Entering directory `/home/shehzad/catkin_ws/bosch_drivers/bmc050_driver/build/CMakeFiles/CMakeTmp'
/usr/bin/make -f CMakeFiles/cmTryCompileExec746842763.dir/build.make CMakeFiles/cmTryCompileExec746842763.dir/build
make[2]: Entering directory `/home/shehzad/catkin_ws/bosch_drivers/bmc050_driver/build/CMakeFiles/CMakeTmp'
/usr/bin/cmake -E cmake_progress_report /home/shehzad/catkin_ws/bosch_drivers/bmc050_driver/build/CMakeFiles/CMakeTmp/CMakeFiles 1
Building C object CMakeFiles/cmTryCompileExec746842763.dir/CheckFunctionExists.c.o
/usr/bin/gcc   -DCHECK_FUNCTION_EXISTS=pthread_create   -o CMakeFiles/cmTryCompileExec746842763.dir/CheckFunctionExists.c.o   -c /usr/share/cmake-2.8/Modules/CheckFunctionExists.c
Linking C executable cmTryCompileExec746842763
/usr/bin/cmake -E cmake_link_script CMakeFiles/cmTryCompileExec746842763.dir/link.txt --verbose=1
/usr/bin/gcc     -DCHECK_FUNCTION_EXISTS=pthread_create    CMakeFiles/cmTryCompileExec746842763.dir/CheckFunctionExists.c.o  -o cmTryCompileExec746842763 -rdynamic -lpthreads 
/usr/bin/ld: cannot find -lpthreads
collect2: error: ld returned 1 exit status
make[2]: Leaving directory `/home/shehzad/catkin_ws/bosch_drivers/bmc050_driver/build/CMakeFiles/CMakeTmp'
make[1]: Leaving directory `/home/shehzad/catkin_ws/bosch_drivers/bmc050_driver/build/CMakeFiles/CMakeTmp'
make[2]: *** [cmTryCompileExec746842763] Error 1
make[1]: *** [cmTryCompileExec746842763/fast] Error 2


